app/build/intermediates/manifest_merge_blame_file/debug/processDebugMainManifest/manifest-merger-blame-debug-report.txt
1<?xml version="1.0" encoding="utf-8"?>
2<manifest xmlns:android="http://schemas.android.com/apk/res/android"
3    package="com.insecureshop"
4    android:versionCode="1"
5    android:versionName="1.0" >
6
7    <uses-sdk
8        android:minSdkVersion="21"
9        android:targetSdkVersion="34" />
10
11    <uses-permission android:name="android.permission.INTERNET" />
11-->src\main\AndroidManifest.xml:4:5-67
11-->src\main\AndroidManifest.xml:4:22-64
12    <uses-permission android:name="android.permission.READ_EXTERNAL_STORAGE" />
12-->src\main\AndroidManifest.xml:5:5-80
12-->src\main\AndroidManifest.xml:5:22-77
13    <uses-permission android:name="android.permission.WRITE_EXTERNAL_STORAGE" />
13-->src\main\AndroidManifest.xml:6:5-81
13-->src\main\AndroidManifest.xml:6:22-78
14    <uses-permission android:name="android.permission.READ_CONTACTS" />
14-->src\main\AndroidManifest.xml:7:5-72
14-->src\main\AndroidManifest.xml:7:22-69
15
16    <permission android:name="com.insecureshop.permission.READ" />
16-->src\main\AndroidManifest.xml:9:5-67
16-->src\main\AndroidManifest.xml:9:17-64
17
18    <uses-permission android:name="android.permission.WAKE_LOCK" />
18-->[net.gotev:uploadservice:4.9.2] AndroidManifest.xml:7:5-68
18-->[net.gotev:uploadservice:4.9.2] AndroidManifest.xml:7:22-65
19    <uses-permission android:name="android.permission.FOREGROUND_SERVICE" />
19-->[net.gotev:uploadservice:4.9.2] AndroidManifest.xml:8:5-77
19-->[net.gotev:uploadservice:4.9.2] AndroidManifest.xml:8:22-74
20    <uses-permission android:name="android.permission.POST_NOTIFICATIONS" />
20-->[net.gotev:uploadservice:4.9.2] AndroidManifest.xml:11:5-77
20-->[net.gotev:uploadservice:4.9.2] AndroidManifest.xml:11:22-74
21    <uses-permission android:name="android.permission.FOREGROUND_SERVICE_DATA_SYNC" />
21-->[net.gotev:uploadservice:4.9.2] AndroidManifest.xml:12:5-87
21-->[net.gotev:uploadservice:4.9.2] AndroidManifest.xml:12:22-84
22
23    <permission
23-->[androidx.core:core:1.12.0] AndroidManifest.xml:22:5-24:47
24        android:name="com.insecureshop.DYNAMIC_RECEIVER_NOT_EXPORTED_PERMISSION"
24-->[androidx.core:core:1.12.0] AndroidManifest.xml:23:9-81
25        android:protectionLevel="signature" />
25-->[androidx.core:core:1.12.0] AndroidManifest.xml:24:9-44
26
27    <uses-permission android:name="com.insecureshop.DYNAMIC_RECEIVER_NOT_EXPORTED_PERMISSION" />
27-->[androidx.core:core:1.12.0] AndroidManifest.xml:26:5-97
27-->[androidx.core:core:1.12.0] AndroidManifest.xml:26:22-94
28
29    <application
29-->src\main\AndroidManifest.xml:11:5-106:19
30        android:name="com.insecureshop.InsecureShopApp"
30-->src\main\AndroidManifest.xml:12:9-40
31        android:allowBackup="true"
31-->src\main\AndroidManifest.xml:13:9-35
32        android:appComponentFactory="androidx.core.app.CoreComponentFactory"
32-->[androidx.core:core:1.12.0] AndroidManifest.xml:28:18-86
33        android:debuggable="true"
34        android:extractNativeLibs="true"
35        android:icon="@mipmap/ic_launcher"
35-->src\main\AndroidManifest.xml:14:9-43
36        android:label="@string/app_name"
36-->src\main\AndroidManifest.xml:15:9-41
37        android:roundIcon="@mipmap/ic_launcher_round"
37-->src\main\AndroidManifest.xml:16:9-54
38        android:supportsRtl="true"
38-->src\main\AndroidManifest.xml:17:9-35
39        android:testOnly="true"
40        android:theme="@style/AppTheme"
40-->src\main\AndroidManifest.xml:18:9-40
41        android:usesCleartextTraffic="true" >
41-->src\main\AndroidManifest.xml:19:9-44
42        <activity
42-->src\main\AndroidManifest.xml:21:9-41:20
43            android:name="com.insecureshop.ChooserActivity"
43-->src\main\AndroidManifest.xml:22:13-44
44            android:excludeFromRecents="true"
44-->src\main\AndroidManifest.xml:23:13-46
45            android:exported="true" >
45-->src\main\AndroidManifest.xml:24:13-36
46            <intent-filter>
46-->src\main\AndroidManifest.xml:25:13-28:29
47                <action android:name="android.intent.action.VIEW" />
47-->src\main\AndroidManifest.xml:26:17-69
47-->src\main\AndroidManifest.xml:26:25-66
48
49                <category android:name="android.intent.category.DEFAULT" />
49-->src\main\AndroidManifest.xml:27:17-76
49-->src\main\AndroidManifest.xml:27:27-73
50            </intent-filter>
51            <intent-filter>
51-->src\main\AndroidManifest.xml:29:13-37:29
52                <action android:name="android.intent.action.SEND" />
52-->src\main\AndroidManifest.xml:30:17-69
52-->src\main\AndroidManifest.xml:30:25-66
53
54                <category android:name="android.intent.category.DEFAULT" />
54-->src\main\AndroidManifest.xml:27:17-76
54-->src\main\AndroidManifest.xml:27:27-73
55
56                <data android:mimeType="application/*" />
56-->src\main\AndroidManifest.xml:32:17-58
56-->src\main\AndroidManifest.xml:32:23-55
57                <data android:mimeType="audio/*" />
57-->src\main\AndroidManifest.xml:32:17-58
57-->src\main\AndroidManifest.xml:32:23-55
58                <data android:mimeType="image/*" />
58-->src\main\AndroidManifest.xml:32:17-58
58-->src\main\AndroidManifest.xml:32:23-55
59                <data android:mimeType="text/*" />
59-->src\main\AndroidManifest.xml:32:17-58
59-->src\main\AndroidManifest.xml:32:23-55
60                <data android:mimeType="video/*" />
60-->src\main\AndroidManifest.xml:32:17-58
60-->src\main\AndroidManifest.xml:32:23-55
61            </intent-filter>
62
63            <meta-data
63-->src\main\AndroidManifest.xml:38:13-40:69
64                android:name="android.service.chooser.chooser_target_service"
64-->src\main\AndroidManifest.xml:39:17-78
65                android:value=".ConversationChooserTargetService" />
65-->src\main\AndroidManifest.xml:40:17-66
66        </activity>
67        <activity
67-->src\main\AndroidManifest.xml:43:9-45:39
68            android:name="com.insecureshop.AboutUsActivity"
68-->src\main\AndroidManifest.xml:44:13-44
69            android:exported="true" />
69-->src\main\AndroidManifest.xml:45:13-36
70        <activity android:name="com.insecureshop.CartListActivity" />
70-->src\main\AndroidManifest.xml:47:9-54
70-->src\main\AndroidManifest.xml:47:19-51
71        <activity
71-->src\main\AndroidManifest.xml:49:9-56:20
72            android:name="com.insecureshop.ProductListActivity"
72-->src\main\AndroidManifest.xml:50:13-48
73            android:exported="true" >
73-->src\main\AndroidManifest.xml:51:13-36
74            <intent-filter>
74-->src\main\AndroidManifest.xml:52:13-55:29
75                <action android:name="android.intent.action.MAIN" />
75-->src\main\AndroidManifest.xml:53:17-69
75-->src\main\AndroidManifest.xml:53:25-66
76
77                <category android:name="android.intent.category.LAUNCHER" />
77-->src\main\AndroidManifest.xml:54:17-77
77-->src\main\AndroidManifest.xml:54:27-74
78            </intent-filter>
79        </activity>
80        <activity android:name="com.insecureshop.LoginActivity" />
80-->src\main\AndroidManifest.xml:58:9-51
80-->src\main\AndroidManifest.xml:58:19-48
81        <activity
81-->src\main\AndroidManifest.xml:60:9-71:20
82            android:name="com.insecureshop.WebViewActivity"
82-->src\main\AndroidManifest.xml:61:13-44
83            android:exported="true" >
83-->src\main\AndroidManifest.xml:62:13-36
84            <intent-filter>
84-->src\main\AndroidManifest.xml:63:13-70:29
85                <action android:name="android.intent.action.VIEW" />
85-->src\main\AndroidManifest.xml:26:17-69
85-->src\main\AndroidManifest.xml:26:25-66
86
87                <category android:name="android.intent.category.DEFAULT" />
87-->src\main\AndroidManifest.xml:27:17-76
87-->src\main\AndroidManifest.xml:27:27-73
88                <category android:name="android.intent.category.BROWSABLE" />
88-->src\main\AndroidManifest.xml:66:17-78
88-->src\main\AndroidManifest.xml:66:27-75
89
90                <data
90-->src\main\AndroidManifest.xml:32:17-58
91                    android:host="com.insecureshop"
91-->src\main\AndroidManifest.xml:68:21-52
92                    android:scheme="insecureshop" />
92-->src\main\AndroidManifest.xml:69:21-50
93            </intent-filter>
94        </activity>
95        <activity
95-->src\main\AndroidManifest.xml:73:9-81:20
96            android:name="com.insecureshop.WebView2Activity"
96-->src\main\AndroidManifest.xml:74:13-45
97            android:exported="true" >
97-->src\main\AndroidManifest.xml:75:13-36
98            <intent-filter>
98-->src\main\AndroidManifest.xml:76:13-80:29
99                <action android:name="com.insecureshop.action.WEBVIEW" />
99-->src\main\AndroidManifest.xml:77:17-74
99-->src\main\AndroidManifest.xml:77:25-71
100
101                <category android:name="android.intent.category.DEFAULT" />
101-->src\main\AndroidManifest.xml:27:17-76
101-->src\main\AndroidManifest.xml:27:27-73
102                <category android:name="android.intent.category.BROWSABLE" />
102-->src\main\AndroidManifest.xml:66:17-78
102-->src\main\AndroidManifest.xml:66:27-75
103            </intent-filter>
104        </activity>
105        <activity
105-->src\main\AndroidManifest.xml:83:9-85:40
106            android:name="com.insecureshop.PrivateActivity"
106-->src\main\AndroidManifest.xml:84:13-44
107            android:exported="false" />
107-->src\main\AndroidManifest.xml:85:13-37
108        <activity android:name="com.insecureshop.SendingDataViaActionActivity" />
108-->src\main\AndroidManifest.xml:87:9-66
108-->src\main\AndroidManifest.xml:87:19-63
109        <activity
109-->src\main\AndroidManifest.xml:89:9-75
110            android:name="com.insecureshop.ResultActivity"
110-->src\main\AndroidManifest.xml:89:19-49
111            android:exported="true" />
111-->src\main\AndroidManifest.xml:89:50-73
112
113        <provider
113-->src\main\AndroidManifest.xml:91:9-95:73
114            android:name="com.insecureshop.contentProvider.InsecureShopProvider"
114-->src\main\AndroidManifest.xml:92:13-65
115            android:authorities="com.insecureshop.provider"
115-->src\main\AndroidManifest.xml:93:13-60
116            android:exported="true"
116-->src\main\AndroidManifest.xml:94:13-36
117            android:readPermission="com.insecureshop.permission.READ" />
117-->src\main\AndroidManifest.xml:95:13-70
118        <provider
118-->src\main\AndroidManifest.xml:97:9-105:20
119            android:name="androidx.core.content.FileProvider"
119-->src\main\AndroidManifest.xml:98:13-62
120            android:authorities="com.insecureshop.file_provider"
120-->src\main\AndroidManifest.xml:99:13-65
121            android:exported="false"
121-->src\main\AndroidManifest.xml:100:13-37
122            android:grantUriPermissions="true" >
122-->src\main\AndroidManifest.xml:101:13-47
123            <meta-data
123-->src\main\AndroidManifest.xml:102:13-104:58
124                android:name="android.support.FILE_PROVIDER_PATHS"
124-->src\main\AndroidManifest.xml:103:17-67
125                android:resource="@xml/provider_paths" />
125-->src\main\AndroidManifest.xml:104:17-55
126        </provider>
127
128        <service
128-->[net.gotev:uploadservice:4.9.2] AndroidManifest.xml:15:9-19:56
129            android:name="net.gotev.uploadservice.UploadService"
129-->[net.gotev:uploadservice:4.9.2] AndroidManifest.xml:16:13-65
130            android:enabled="true"
130-->[net.gotev:uploadservice:4.9.2] AndroidManifest.xml:17:13-35
131            android:exported="false"
131-->[net.gotev:uploadservice:4.9.2] AndroidManifest.xml:18:13-37
132            android:foregroundServiceType="dataSync" />
132-->[net.gotev:uploadservice:4.9.2] AndroidManifest.xml:19:13-53
133
134        <provider
134-->[androidx.emoji2:emoji2:1.2.0] AndroidManifest.xml:24:9-32:20
135            android:name="androidx.startup.InitializationProvider"
135-->[androidx.emoji2:emoji2:1.2.0] AndroidManifest.xml:25:13-67
136            android:authorities="com.insecureshop.androidx-startup"
136-->[androidx.emoji2:emoji2:1.2.0] AndroidManifest.xml:26:13-68
137            android:exported="false" >
137-->[androidx.emoji2:emoji2:1.2.0] AndroidManifest.xml:27:13-37
138            <meta-data
138-->[androidx.emoji2:emoji2:1.2.0] AndroidManifest.xml:29:13-31:52
139                android:name="androidx.emoji2.text.EmojiCompatInitializer"
139-->[androidx.emoji2:emoji2:1.2.0] AndroidManifest.xml:30:17-75
140                android:value="androidx.startup" />
140-->[androidx.emoji2:emoji2:1.2.0] AndroidManifest.xml:31:17-49
141            <meta-data
141-->[androidx.lifecycle:lifecycle-process:2.6.1] AndroidManifest.xml:29:13-31:52
142                android:name="androidx.lifecycle.ProcessLifecycleInitializer"
142-->[androidx.lifecycle:lifecycle-process:2.6.1] AndroidManifest.xml:30:17-78
143                android:value="androidx.startup" />
143-->[androidx.lifecycle:lifecycle-process:2.6.1] AndroidManifest.xml:31:17-49
144            <meta-data
144-->[androidx.profileinstaller:profileinstaller:1.3.0] AndroidManifest.xml:29:13-31:52
145                android:name="androidx.profileinstaller.ProfileInstallerInitializer"
145-->[androidx.profileinstaller:profileinstaller:1.3.0] AndroidManifest.xml:30:17-85
146                android:value="androidx.startup" />
146-->[androidx.profileinstaller:profileinstaller:1.3.0] AndroidManifest.xml:31:17-49
147        </provider>
148
149        <receiver
149-->[androidx.profileinstaller:profileinstaller:1.3.0] AndroidManifest.xml:34:9-52:20
150            android:name="androidx.profileinstaller.ProfileInstallReceiver"
150-->[androidx.profileinstaller:profileinstaller:1.3.0] AndroidManifest.xml:35:13-76
151            android:directBootAware="false"
151-->[androidx.profileinstaller:profileinstaller:1.3.0] AndroidManifest.xml:36:13-44
152            android:enabled="true"
152-->[androidx.profileinstaller:profileinstaller:1.3.0] AndroidManifest.xml:37:13-35
153            android:exported="true"
153-->[androidx.profileinstaller:profileinstaller:1.3.0] AndroidManifest.xml:38:13-36
154            android:permission="android.permission.DUMP" >
154-->[androidx.profileinstaller:profileinstaller:1.3.0] AndroidManifest.xml:39:13-57
155            <intent-filter>
155-->[androidx.profileinstaller:profileinstaller:1.3.0] AndroidManifest.xml:40:13-42:29
156                <action android:name="androidx.profileinstaller.action.INSTALL_PROFILE" />
156-->[androidx.profileinstaller:profileinstaller:1.3.0] AndroidManifest.xml:41:17-91
156-->[androidx.profileinstaller:profileinstaller:1.3.0] AndroidManifest.xml:41:25-88
157            </intent-filter>
158            <intent-filter>
158-->[androidx.profileinstaller:profileinstaller:1.3.0] AndroidManifest.xml:43:13-45:29
159                <action android:name="androidx.profileinstaller.action.SKIP_FILE" />
159-->[androidx.profileinstaller:profileinstaller:1.3.0] AndroidManifest.xml:44:17-85
159-->[androidx.profileinstaller:profileinstaller:1.3.0] AndroidManifest.xml:44:25-82
160            </intent-filter>
161            <intent-filter>
161-->[androidx.profileinstaller:profileinstaller:1.3.0] AndroidManifest.xml:46:13-48:29
162                <action android:name="androidx.profileinstaller.action.SAVE_PROFILE" />
162-->[androidx.profileinstaller:profileinstaller:1.3.0] AndroidManifest.xml:47:17-88
162-->[androidx.profileinstaller:profileinstaller:1.3.0] AndroidManifest.xml:47:25-85
163            </intent-filter>
164            <intent-filter>
164-->[androidx.profileinstaller:profileinstaller:1.3.0] AndroidManifest.xml:49:13-51:29
165                <action android:name="androidx.profileinstaller.action.BENCHMARK_OPERATION" />
165-->[androidx.profileinstaller:profileinstaller:1.3.0] AndroidManifest.xml:50:17-95
165-->[androidx.profileinstaller:profileinstaller:1.3.0] AndroidManifest.xml:50:25-92
166            </intent-filter>
167        </receiver>
168    </application>
169
170</manifest>